[1772646174] auto | auto message flow start
[1772646174] auto | attempt 1/3: init_code_project -a
[1772646174] session | new session start: init_code_project -a astro zustand gsap을 이용한 scroll event가 들어간 학교 랜딩페이지를 만들어줘. 반응형 디자인을 지원해야하고 shadcn을 사용해야해, 그리고 Nav 메뉴에는 main, ask 메뉴가 있어야하고 ask, main페이지는 각각 별개로 들어가야해.
[1772646177] project-create | non-empty workspace: load project.md
[1772646520] project-detail | detail_code_project completed
[1772646520] domain-create | create_code_domain completed
[1772646520] bootstrap | bootstrap_code_project start
[1772646520] bootstrap | bootstrap_code_project completed
[1772646520] plan-init | init_code_plan -a start
[1772646520] session | new session start: init_code_plan -a
[1772646528] plan-yaml | plan.yaml generated: domains=7 planned=21 worked=0 complete=0
[1772646528] input-build | build_input_md_auto start
[1772646556] input-build | build_input_md_auto completed
[1772646556] draft-create | add_code_draft -a start
[1772646556] session | new session start: add_code_draft -a
[1772646594] session | new session timeout: init_code_project | timeout=420s
[1772646602] auto | attempt 1 failed: init_code_project failed: timeout after 420s
[1772646602] auto | attempt 2/3: init_code_project -a
[1772646602] session | new session start: init_code_project -a 타임아웃 방지를 위해 최소 범위로 먼저 완성해줘: Astro + shadcn + Zustand + GSAP 기반 반응형 학교 랜딩페이지를 구현하되 Nav는 main/ask 2개만 두고 `/main`, `/ask`를 별도 라우트로 분리, GSAP 스크롤 이벤트는 main에 핵심 섹션 1개만 적용, 불필요한 에셋/애니메이션/설정 확장은 제외하고 실행 가능한 최소 코드부터 만들어줘.
[1772646605] project-create | non-empty workspace: load project.md
[1772650900] auto-file | auto -f flow start
[1772650900] session | new session start: init_code_project 
[1772650937] session | new session completed: init_code_project
[1772650937] session | new session start: add_code_plan -f
[1772650937] session | new session completed: add_code_plan
[1772650937] session | new session start: add_code_draft -f
